<?xml version="1.0" encoding="UTF-8"?>
<testsuite xmlns:xsi="http://www.w3.org/2001/XMLSchema-instance" xsi:noNamespaceSchemaLocation="https://maven.apache.org/surefire/maven-surefire-plugin/xsd/surefire-test-report.xsd" name="project.TestMasterMind" time="0.104" tests="5" errors="0" skipped="0" failures="0">
  <properties>
[...]
</properties>
  <testcase name="testAlCorrect" classname="project.TestMasterMind" time="0.031"/>
  <testcase name="test2Correct2WrongPlace" classname="project.TestMasterMind" time="0.026"/>
  <testcase name="testNoneCorrect" classname="project.TestMasterMind" time="0.001"/>
  <testcase name="testNoneCorrectTwoWrongPlace" classname="project.TestMasterMind" time="0.015"/>
  <testcase name="testFourWrongPlace" classname="project.TestMasterMind" time="0.016"/>
</testsuite>